<?xml version="1.0" encoding="UTF-8"?>
<!-- Generated by org.testng.reporters.JUnitReportReporter -->
<testsuite hostname="LAPTOP-J8Q24HOB" name="com.inetbanking.practise.ParameterDataproviderWithClassLevel" tests="3" failures="0" timestamp="28 Nov 2020 08:24:15 GMT" time="9.767" errors="0">
  <testcase name="testMethod" time="3.402" classname="com.inetbanking.practise.ParameterDataproviderWithClassLevel"/>
  <testcase name="testMethod" time="3.214" classname="com.inetbanking.practise.ParameterDataproviderWithClassLevel"/>
  <testcase name="testMethod" time="3.151" classname="com.inetbanking.practise.ParameterDataproviderWithClassLevel"/>
</testsuite> <!-- com.inetbanking.practise.ParameterDataproviderWithClassLevel -->
