<?xml version="1.0" encoding="UTF-8"?>
<!-- Generated by org.testng.reporters.JUnitReportReporter -->
<testsuite hostname="LAPTOP-J8Q24HOB" name="com.inetbanking.testCases.YatraServicesTest" tests="1" failures="0" timestamp="26 Nov 2020 15:12:19 GMT" time="31.712" errors="0">
  <testcase name="yatraServicesMethod" time="31.712" classname="com.inetbanking.testCases.YatraServicesTest"/>
</testsuite> <!-- com.inetbanking.testCases.YatraServicesTest -->
