<?xml version="1.0" encoding="UTF-8"?>
<!-- Generated by org.testng.reporters.JUnitReportReporter -->
<testsuite hostname="LAPTOP-J8Q24HOB" name="com.inetbanking.testCases.BrokenLinksAndImagesTest" tests="1" failures="0" timestamp="15 Jan 2021 11:23:58 GMT" time="9.496" errors="0">
  <testcase name="WebPageLinks_BrokenLinks" time="9.496" classname="com.inetbanking.testCases.BrokenLinksAndImagesTest"/>
</testsuite> <!-- com.inetbanking.testCases.BrokenLinksAndImagesTest -->
