<?xml version="1.0" encoding="UTF-8"?>
<!-- Generated by org.testng.reporters.JUnitReportReporter -->
<testsuite hostname="LAPTOP-J8Q24HOB" name="com.inetbanking.testCases.RadioBoxElementsTest" tests="1" failures="0" timestamp="15 Jan 2021 11:23:58 GMT" time="7.624" errors="0">
  <testcase name="RadioBoxElementsTest" time="7.624" classname="com.inetbanking.testCases.RadioBoxElementsTest"/>
</testsuite> <!-- com.inetbanking.testCases.RadioBoxElementsTest -->
