<?xml version="1.0" encoding="UTF-8"?>
<!-- Generated by org.testng.reporters.JUnitReportReporter -->
<testsuite hostname="LAPTOP-J8Q24HOB" name="com.inetbanking.testCases.TextBoxElementsTest" tests="1" failures="0" timestamp="15 Jan 2021 11:23:58 GMT" time="3.774" errors="0">
  <testcase name="TextBoxElementsTest" time="3.774" classname="com.inetbanking.testCases.TextBoxElementsTest"/>
</testsuite> <!-- com.inetbanking.testCases.TextBoxElementsTest -->
