<?xml version="1.0" encoding="UTF-8"?>
<!-- Generated by org.testng.reporters.JUnitReportReporter -->
<testsuite hostname="LAPTOP-J8Q24HOB" name="com.inetbanking.testCases.UploadDownloadTest" tests="1" failures="0" timestamp="15 Jan 2021 11:23:58 GMT" time="5.723" errors="0">
  <testcase name="UploadDownloadTest" time="5.723" classname="com.inetbanking.testCases.UploadDownloadTest"/>
</testsuite> <!-- com.inetbanking.testCases.UploadDownloadTest -->
