<?xml version="1.0" encoding="UTF-8"?>
<!-- Generated by org.testng.reporters.JUnitReportReporter -->
<testsuite hostname="LAPTOP-J8Q24HOB" name="com.inetbanking.testCases.DemoQaMenusTest" tests="1" failures="0" timestamp="15 Jan 2021 11:23:58 GMT" time="16.156" errors="0">
  <testcase name="DemoQaMenusTest" time="16.156" classname="com.inetbanking.testCases.DemoQaMenusTest"/>
</testsuite> <!-- com.inetbanking.testCases.DemoQaMenusTest -->
