<?xml version="1.0" encoding="UTF-8"?>
<!-- Generated by org.testng.reporters.JUnitReportReporter -->
<testsuite hostname="LAPTOP-J8Q24HOB" name="com.inetbanking.testCases.CheckBoxElementsTest" tests="1" failures="0" timestamp="15 Jan 2021 11:23:58 GMT" time="6.325" errors="0">
  <testcase name="CheckBoxElementsTest" time="6.325" classname="com.inetbanking.testCases.CheckBoxElementsTest"/>
</testsuite> <!-- com.inetbanking.testCases.CheckBoxElementsTest -->
