<?xml version="1.0" encoding="UTF-8"?>
<!-- Generated by org.testng.reporters.JUnitReportReporter -->
<testsuite hostname="LAPTOP-J8Q24HOB" name="com.inetbanking.practise.AmazonCart" tests="2" failures="0" timestamp="8 Feb 2021 07:09:01 GMT" time="28.629" errors="0">
  <testcase name="login" time="14.964" classname="com.inetbanking.practise.AmazonCart"/>
  <testcase name="login" time="13.665" classname="com.inetbanking.practise.AmazonCart"/>
</testsuite> <!-- com.inetbanking.practise.AmazonCart -->
