<?xml version="1.0" encoding="UTF-8"?>
<!-- Generated by org.testng.reporters.JUnitReportReporter -->
<testsuite hostname="LAPTOP-J8Q24HOB" name="com.inetbanking.testCases.ButtonsTest" tests="1" failures="0" timestamp="15 Jan 2021 11:23:58 GMT" time="5.539" errors="0">
  <testcase name="ButtonsTest" time="5.539" classname="com.inetbanking.testCases.ButtonsTest"/>
</testsuite> <!-- com.inetbanking.testCases.ButtonsTest -->
